<?xml version="1.0" encoding="UTF-8"?>
<!-- Generated by org.testng.reporters.JUnitXMLReporter -->
<testsuite hostname="DESKTOP-E69K95O" name="Smoke Testing" tests="6" failures="0" timestamp="17 Jul 2021 15:59:31 GMT" time="11.064" errors="0">
  <testcase name="login_Element_Validation" time="0.152" classname="sauceDemoTest.sauceDemoNG"/>
  <testcase name="naegative_login_Validation" time="0.273" classname="sauceDemoTest.sauceDemoNG"/>
  <testcase name="positive_login_Validation" time="0.342" classname="sauceDemoTest.sauceDemoNG"/>
  <testcase name="login_Element_Validation" time="0.133" classname="sauceDemoTest.SauceDemoNGV2"/>
  <testcase name="naegative_login_Validation" time="0.229" classname="sauceDemoTest.SauceDemoNGV2"/>
  <testcase name="positive_login_Validation" time="0.32" classname="sauceDemoTest.SauceDemoNGV2"/>
</testsuite> <!-- Smoke Testing -->
